<?xml version="1.0" encoding="UTF-8"?>
<testng-results skipped="0" failed="0" ignored="0" total="1" passed="1">
  <reporter-output>
  </reporter-output>
  <suite name="Default suite" duration-ms="31" started-at="2022-03-30T10:14:33Z" finished-at="2022-03-30T10:14:34Z">
    <groups>
    </groups>
    <test name="Default test" duration-ms="31" started-at="2022-03-30T10:14:33Z" finished-at="2022-03-30T10:14:34Z">
      <class name="reversePrograms.LargestPalInGivenArray">
        <test-method status="PASS" signature="largestPal()[pri:0, instance:reversePrograms.LargestPalInGivenArray@36d4b5c]" name="largestPal" duration-ms="10" started-at="2022-03-30T10:14:33Z" finished-at="2022-03-30T10:14:34Z">
          <reporter-output>
          </reporter-output>
        </test-method> <!-- largestPal -->
      </class> <!-- reversePrograms.LargestPalInGivenArray -->
    </test> <!-- Default test -->
  </suite> <!-- Default suite -->
</testng-results>
